[HTTP]	2022-08-16 15:29:27	[info]	[REQUEST]	[::1]	[POST]	/api/v1/register	[] 	---- {"email":"test1@gmail.com","password":"abc123","displayName":"Pioo"} ----END HTTP----
[HTTP]	2022-08-16 15:29:44	[info]	[REQUEST]	[::1]	[POST]	/api/v1/user/register	[] 	---- {"email":"test1@gmail.com","password":"abc123","displayName":"Pioo"} ----END HTTP----
[HTTP]	2022-08-16 15:30:15	[info]	[REQUEST]	[::1]	[POST]	/api/v1/user/register	[] 	---- {"email":"test1@gmail.com","password":"abc123","displayName":"Pioo"} ----END HTTP----
[HTTP]	2022-08-16 15:34:37	[info]	[REQUEST]	[::1]	[POST]	/api/v1/user/register	[] 	---- {"email":"test1@gmail.com","password":"abc123","displayName":"Pioo"} ----END HTTP----
[HTTP]	2022-08-16 15:35:29	[info]	[REQUEST]	[::1]	[POST]	/api/v1/user/register	[] 	---- {"email":"test1@gmail.com","password":"abc123","displayName":"Pioo"} ----END HTTP----
[HTTP]	2022-08-16 15:36:33	[info]	[REQUEST]	[::1]	[POST]	/api/v1/user/register	[] 	---- {"email":"test1@gmail.com","password":"abc123","displayName":"Pioo"} ----END HTTP----
[HTTP]	2022-08-16 15:37:44	[info]	[REQUEST]	[::1]	[POST]	/api/v1/user/login	[] 	---- {"email":"devhuy@gmail.com","password":"abc123"} ----END HTTP----
[HTTP]	2022-08-16 15:39:06	[info]	[REQUEST]	[::1]	[POST]	/api/v1/user/login	[] 	---- {"email":"devhuy@gmail.com","password":"abc123"} ----END HTTP----
[HTTP]	2022-08-16 15:39:38	[info]	[REQUEST]	[::1]	[POST]	/api/v1/user/login	[] 	---- {"email":"devhuy@gmail.com","password":"abc123"} ----END HTTP----
[HTTP]	2022-08-16 15:40:19	[info]	[REQUEST]	[::1]	[POST]	/api/v1/user/login	[] 	---- {"email":"abc@gmail.com","password":"abc123"} ----END HTTP----
[HTTP]	2022-08-16 15:40:21	[info]	[REQUEST]	[::1]	[POST]	/api/v1/user/login	[] 	---- {"email":"abc@gmail.com","password":"abc123"} ----END HTTP----
[HTTP]	2022-08-16 15:40:22	[info]	[REQUEST]	[::1]	[POST]	/api/v1/user/login	[] 	---- {"email":"abc@gmail.com","password":"abc123"} ----END HTTP----
[HTTP]	2022-08-16 15:40:33	[info]	[REQUEST]	[::1]	[POST]	/api/v1/user/login	[] 	---- {"email":"test1@gmail.com","password":"abc123"} ----END HTTP----
[HTTP]	2022-08-16 17:31:39	[info]	[REQUEST]	[::1]	[POST]	/api/v1/user/secret	[] 	---- {"email":"test1@gmail.com","password":"abc123"} ----END HTTP----
[HTTP]	2022-08-16 17:33:01	[info]	[REQUEST]	[::1]	[POST]	/api/v1/user/secret	[] 	---- {"email":"test1@gmail.com","password":"abc123"} ----END HTTP----
[HTTP]	2022-08-16 17:35:23	[info]	[REQUEST]	[::1]	[POST]	/api/v1/user/secret	[] 	---- {} ----END HTTP----
[HTTP]	2022-08-16 17:35:36	[info]	[REQUEST]	[::1]	[GET]	/api/v1/user/secret	[] 	---- {} ----END HTTP----
[HTTP]	2022-08-16 17:36:22	[info]	[REQUEST]	[::1]	[GET]	/api/v1/user/secret	[] 	---- {} ----END HTTP----
[HTTP]	2022-08-16 17:36:50	[info]	[REQUEST]	[::1]	[GET]	/api/v1/user/secret	[] 	---- {} ----END HTTP----
[HTTP]	2022-08-16 17:37:02	[info]	[REQUEST]	[::1]	[GET]	/api/v1/user/secret	[] 	---- {} ----END HTTP----
[HTTP]	2022-08-16 17:38:49	[info]	[REQUEST]	[::1]	[GET]	/api/v1/user/secret	[] 	---- {} ----END HTTP----
[HTTP]	2022-08-16 17:39:44	[info]	[REQUEST]	[::1]	[GET]	/api/v1/user/secret	[] 	---- {} ----END HTTP----
[HTTP]	2022-08-16 17:40:10	[info]	[REQUEST]	[::1]	[POST]	/api/v1/user/login	[] 	---- {"email":"test1@gmail.com","password":"abc123"} ----END HTTP----
[HTTP]	2022-08-16 17:40:23	[info]	[REQUEST]	[::1]	[GET]	/api/v1/user/secret	[] 	---- {} ----END HTTP----
[HTTP]	2022-08-16 17:41:31	[info]	[REQUEST]	[::1]	[GET]	/api/v1/user/secret	[] 	---- {} ----END HTTP----
[HTTP]	2022-08-16 17:42:11	[info]	[REQUEST]	[::1]	[GET]	/api/v1/user/secret	[] 	---- {} ----END HTTP----
[HTTP]	2022-08-17 10:24:40	[info]	[REQUEST]	[::1]	[POST]	/api/v1/user/auth/facebook	[] 	---- {} ----END HTTP----
[HTTP]	2022-08-17 10:25:05	[info]	[REQUEST]	[::1]	[POST]	/api/v1/user/auth/facebook	[] 	---- {} ----END HTTP----
[HTTP]	2022-08-17 10:25:15	[info]	[REQUEST]	[::1]	[POST]	/api/v1/user/auth/facebook	[] 	---- {} ----END HTTP----
[HTTP]	2022-08-17 10:28:02	[info]	[REQUEST]	[::1]	[POST]	/api/v1/user/auth/facebook	[] 	---- {"access_token":"EAAFgZB338Q3EBADqgOYpz6o5utOFv5T8wZBF1ZC82VYcOOE47LJvme6ZCQyJB48BpxMchmwPdYJSIaCwMIAfaElvo7E0dWuHtb1kjAXKDvBzZBrx76ZBW1rQhr0NnBsFf9A3LZCMZB8CE8MmIctW54NaJxGbDouQ8ZAsmf9NpGkslcAZDZD"} ----END HTTP----
[HTTP]	2022-08-17 11:35:06	[info]	[REQUEST]	[::1]	[POST]	/api/v1/user/auth/facebook	[] 	---- {"access_token":"EAAFgZB338Q3EBAEHz45gGEK9DuZAtLDvwOnWOTzHRjkbdMWWruqVd9yhasrBiLoJnWN9PC6b71LLZAsO7allPbv08cutTBcSvCl8GOHNsWAfZBwFfAkKGD2wXyXP3RvgCnwivVZBMeyajhxjqzSKdTuJkBNYmonXWAAOJRDDZCE6C8RuCunqDDoImsL2FAG3OZCqSq855UsSwZDZD"} ----END HTTP----
[HTTP]	2022-08-17 11:55:18	[info]	[REQUEST]	[::1]	[POST]	/api/v1/user/auth/facebook	[] 	---- {"access_token":"EAAFgZB338Q3EBAEHz45gGEK9DuZAtLDvwOnWOTzHRjkbdMWWruqVd9yhasrBiLoJnWN9PC6b71LLZAsO7allPbv08cutTBcSvCl8GOHNsWAfZBwFfAkKGD2wXyXP3RvgCnwivVZBMeyajhxjqzSKdTuJkBNYmonXWAAOJRDDZCE6C8RuCunqDDoImsL2FAG3OZCqSq855UsSwZDZD"} ----END HTTP----
[HTTP]	2022-08-17 11:57:56	[info]	[REQUEST]	[::1]	[POST]	/api/v1/user/auth/facebook	[] 	---- {"access_token":"EAAFgZB338Q3EBAEHz45gGEK9DuZAtLDvwOnWOTzHRjkbdMWWruqVd9yhasrBiLoJnWN9PC6b71LLZAsO7allPbv08cutTBcSvCl8GOHNsWAfZBwFfAkKGD2wXyXP3RvgCnwivVZBMeyajhxjqzSKdTuJkBNYmonXWAAOJRDDZCE6C8RuCunqDDoImsL2FAG3OZCqSq855UsSwZDZD"} ----END HTTP----
[HTTP]	2022-08-17 11:59:54	[info]	[REQUEST]	[::1]	[GET]	/api/v1/user/secret	[] 	---- {} ----END HTTP----
[HTTP]	2022-08-17 12:00:02	[info]	[REQUEST]	[::1]	[POST]	/api/v1/user/auth/facebook	[] 	---- {"access_token":"EAAFgZB338Q3EBAEHz45gGEK9DuZAtLDvwOnWOTzHRjkbdMWWruqVd9yhasrBiLoJnWN9PC6b71LLZAsO7allPbv08cutTBcSvCl8GOHNsWAfZBwFfAkKGD2wXyXP3RvgCnwivVZBMeyajhxjqzSKdTuJkBNYmonXWAAOJRDDZCE6C8RuCunqDDoImsL2FAG3OZCqSq855UsSwZDZD"} ----END HTTP----
[HTTP]	2022-08-17 12:00:32	[info]	[REQUEST]	[::1]	[POST]	/api/v1/user/auth/facebook	[] 	---- {"access_token":"EAAFgZB338Q3EBAEHz45gGEK9DuZAtLDvwOnWOTzHRjkbdMWWruqVd9yhasrBiLoJnWN9PC6b71LLZAsO7allPbv08cutTBcSvCl8GOHNsWAfZBwFfAkKGD2wXyXP3RvgCnwivVZBMeyajhxjqzSKdTuJkBNYmonXWAAOJRDDZCE6C8RuCunqDDoImsL2FAG3OZCqSq855UsSwZDZD"} ----END HTTP----
[HTTP]	2022-08-17 13:21:33	[info]	[REQUEST]	[::1]	[POST]	/api/v1/user/auth/facebook	[] 	---- {"access_token":"EAAFgZB338Q3EBAEHz45gGEK9DuZAtLDvwOnWOTzHRjkbdMWWruqVd9yhasrBiLoJnWN9PC6b71LLZAsO7allPbv08cutTBcSvCl8GOHNsWAfZBwFfAkKGD2wXyXP3RvgCnwivVZBMeyajhxjqzSKdTuJkBNYmonXWAAOJRDDZCE6C8RuCunqDDoImsL2FAG3OZCqSq855UsSwZDZD"} ----END HTTP----
[HTTP]	2022-08-17 13:21:43	[info]	[REQUEST]	[::1]	[GET]	/api/v1/user/secret	[] 	---- {} ----END HTTP----
[HTTP]	2022-08-17 13:59:40	[info]	[REQUEST]	[::1]	[POST]	/api/v1/user/auth/facebook	[] 	---- {} ----END HTTP----
[HTTP]	2022-08-17 13:59:54	[info]	[REQUEST]	[::1]	[POST]	/api/v1/user/auth/facebook	[] 	---- {"access_token":"EAAFgZB338Q3EBAEHz45gGEK9DuZAtLDvwOnWOTzHRjkbdMWWruqVd9yhasrBiLoJnWN9PC6b71LLZAsO7allPbv08cutTBcSvCl8GOHNsWAfZBwFfAkKGD2wXyXP3RvgCnwivVZBMeyajhxjqzSKdTuJkBNYmonXWAAOJRDDZCE6C8RuCunqDDoImsL2FAG3OZCqSq855UsSwZDZD"} ----END HTTP----
[HTTP]	2022-08-17 14:00:29	[info]	[REQUEST]	[::1]	[POST]	/api/v1/user/auth/facebook	[] 	---- {"access_token":"EAAFgZB338Q3EBAEHz45gGEK9DuZAtLDvwOnWOTzHRjkbdMWWruqVd9yhasrBiLoJnWN9PC6b71LLZAsO7allPbv08cutTBcSvCl8GOHNsWAfZBwFfAkKGD2wXyXP3RvgCnwivVZBMeyajhxjqzSKdTuJkBNYmonXWAAOJRDDZCE6C8RuCunqDDoImsL2FAG3OZCqSq855UsSwZDZD"} ----END HTTP----
[HTTP]	2022-08-17 14:02:20	[info]	[REQUEST]	[::1]	[POST]	/api/v1/user/auth/facebook	[] 	---- {"access_token":"EAAFgZB338Q3EBAKZCwqbCzvUOUl24Xk1fS7WlZB1eBsocIZAaBx5AUKj5ZB7rua74S3TtaeTOHor7Ik3td5j1bQLAW8aTE5ZChsgxw5HHl3gR4Y9rcvHZCHxXHd6oNcf8T6uyDjCta9ZC3zBUDSXtXhcyDvZAivWZCzKswAkjrXxM6RmarPLd2rZBPazB3X583TZAsgkCC3PKsZBy1gZDZD"} ----END HTTP----
[HTTP]	2022-08-17 14:02:41	[info]	[REQUEST]	[::1]	[POST]	/api/v1/user/auth/facebook	[] 	---- {} ----END HTTP----
[HTTP]	2022-08-17 14:03:07	[info]	[REQUEST]	[::1]	[POST]	/api/v1/user/auth/facebook	[] 	---- {} ----END HTTP----
[HTTP]	2022-08-17 14:03:31	[info]	[REQUEST]	[::1]	[POST]	/api/v1/user/auth/facebook	[] 	---- {} ----END HTTP----
[HTTP]	2022-08-17 14:05:23	[info]	[REQUEST]	[::1]	[GET]	/api/v1/user/secret	[] 	---- {} ----END HTTP----
[HTTP]	2022-08-17 14:05:29	[info]	[REQUEST]	[::1]	[GET]	/api/v1/user/secret	[] 	---- {} ----END HTTP----
[HTTP]	2022-08-17 14:30:05	[info]	[REQUEST]	[::1]	[POST]	/api/v1/user/auth/google	[] 	---- {"access_token":"ya29.A0AVA9y1v6a1QMeVtz-IM9Hh2Uaxeyi7FQzPw05xkmv2hWUuI3tQ41vpDv0Kxd00lmdNUlWUH7hqrJ5IFua8eEsntxBGob0LIH6ivNju-fZYVaStxjuhTZ_Rxt0vsUb6A1q8r4M9nhQ8Z4quHekptx9SQfRHwQaCgYKATASATASFQE65dr8AB7j5maBjJtZVCTvZdONlQ0163"} ----END HTTP----
[HTTP]	2022-08-17 14:33:10	[info]	[REQUEST]	[::1]	[POST]	/api/v1/user/auth/google	[] 	---- {"access_token":"ya29.A0AVA9y1v6a1QMeVtz-IM9Hh2Uaxeyi7FQzPw05xkmv2hWUuI3tQ41vpDv0Kxd00lmdNUlWUH7hqrJ5IFua8eEsntxBGob0LIH6ivNju-fZYVaStxjuhTZ_Rxt0vsUb6A1q8r4M9nhQ8Z4quHekptx9SQfRHwQaCgYKATASATASFQE65dr8AB7j5maBjJtZVCTvZdONlQ0163"} ----END HTTP----
[HTTP]	2022-08-17 15:05:31	[info]	[REQUEST]	[::1]	[POST]	/api/v1/user/auth/google	[] 	---- {"access_token":"ya29.A0AVA9y1v6a1QMeVtz-IM9Hh2Uaxeyi7FQzPw05xkmv2hWUuI3tQ41vpDv0Kxd00lmdNUlWUH7hqrJ5IFua8eEsntxBGob0LIH6ivNju-fZYVaStxjuhTZ_Rxt0vsUb6A1q8r4M9nhQ8Z4quHekptx9SQfRHwQaCgYKATASATASFQE65dr8AB7j5maBjJtZVCTvZdONlQ0163"} ----END HTTP----
[HTTP]	2022-08-17 15:08:34	[info]	[REQUEST]	[::1]	[POST]	/api/v1/user/auth/google	[] 	---- {"access_token":"ya29.A0AVA9y1v6a1QMeVtz-IM9Hh2Uaxeyi7FQzPw05xkmv2hWUuI3tQ41vpDv0Kxd00lmdNUlWUH7hqrJ5IFua8eEsntxBGob0LIH6ivNju-fZYVaStxjuhTZ_Rxt0vsUb6A1q8r4M9nhQ8Z4quHekptx9SQfRHwQaCgYKATASATASFQE65dr8AB7j5maBjJtZVCTvZdONlQ0163"} ----END HTTP----
[HTTP]	2022-08-17 15:10:41	[info]	[REQUEST]	[::1]	[POST]	/api/v1/user/auth/google	[] 	---- {"access_token":"ya29.A0AVA9y1v6a1QMeVtz-IM9Hh2Uaxeyi7FQzPw05xkmv2hWUuI3tQ41vpDv0Kxd00lmdNUlWUH7hqrJ5IFua8eEsntxBGob0LIH6ivNju-fZYVaStxjuhTZ_Rxt0vsUb6A1q8r4M9nhQ8Z4quHekptx9SQfRHwQaCgYKATASATASFQE65dr8AB7j5maBjJtZVCTvZdONlQ0163"} ----END HTTP----
[HTTP]	2022-08-17 15:19:32	[info]	[REQUEST]	[::1]	[POST]	/api/v1/user/auth/google	[] 	---- {"access_token":"ya29.A0AVA9y1v6a1QMeVtz-IM9Hh2Uaxeyi7FQzPw05xkmv2hWUuI3tQ41vpDv0Kxd00lmdNUlWUH7hqrJ5IFua8eEsntxBGob0LIH6ivNju-fZYVaStxjuhTZ_Rxt0vsUb6A1q8r4M9nhQ8Z4quHekptx9SQfRHwQaCgYKATASATASFQE65dr8AB7j5maBjJtZVCTvZdONlQ0163"} ----END HTTP----
[HTTP]	2022-08-17 15:20:53	[info]	[REQUEST]	[::1]	[POST]	/api/v1/user/auth/google	[] 	---- {"access_token":"ya29.A0AVA9y1v6a1QMeVtz-IM9Hh2Uaxeyi7FQzPw05xkmv2hWUuI3tQ41vpDv0Kxd00lmdNUlWUH7hqrJ5IFua8eEsntxBGob0LIH6ivNju-fZYVaStxjuhTZ_Rxt0vsUb6A1q8r4M9nhQ8Z4quHekptx9SQfRHwQaCgYKATASATASFQE65dr8AB7j5maBjJtZVCTvZdONlQ0163"} ----END HTTP----
[HTTP]	2022-08-17 15:22:07	[info]	[REQUEST]	[::1]	[POST]	/api/v1/user/auth/google	[] 	---- {"access_token":"ya29.A0AVA9y1v6a1QMeVtz-IM9Hh2Uaxeyi7FQzPw05xkmv2hWUuI3tQ41vpDv0Kxd00lmdNUlWUH7hqrJ5IFua8eEsntxBGob0LIH6ivNju-fZYVaStxjuhTZ_Rxt0vsUb6A1q8r4M9nhQ8Z4quHekptx9SQfRHwQaCgYKATASATASFQE65dr8AB7j5maBjJtZVCTvZdONlQ0163"} ----END HTTP----
[HTTP]	2022-08-17 15:22:26	[info]	[REQUEST]	[::1]	[POST]	/api/v1/user/auth/google	[] 	---- {"access_token":"ya29.A0AVA9y1v6a1QMeVtz-IM9Hh2Uaxeyi7FQzPw05xkmv2hWUuI3tQ41vpDv0Kxd00lmdNUlWUH7hqrJ5IFua8eEsntxBGob0LIH6ivNju-fZYVaStxjuhTZ_Rxt0vsUb6A1q8r4M9nhQ8Z4quHekptx9SQfRHwQaCgYKATASATASFQE65dr8AB7j5maBjJtZVCTvZdONlQ0163"} ----END HTTP----
[HTTP]	2022-08-17 15:42:35	[info]	[REQUEST]	[::1]	[POST]	/api/v1/user/auth/google	[] 	---- {"access_token":"ya29.A0AVA9y1v6a1QMeVtz-IM9Hh2Uaxeyi7FQzPw05xkmv2hWUuI3tQ41vpDv0Kxd00lmdNUlWUH7hqrJ5IFua8eEsntxBGob0LIH6ivNju-fZYVaStxjuhTZ_Rxt0vsUb6A1q8r4M9nhQ8Z4quHekptx9SQfRHwQaCgYKATASATASFQE65dr8AB7j5maBjJtZVCTvZdONlQ0163"} ----END HTTP----
[HTTP]	2022-08-17 15:51:29	[info]	[REQUEST]	[::1]	[POST]	/api/v1/user/auth/google	[] 	---- {"access_token":"ya29.A0AVA9y1sEtH5KqR3hKs54JfnfG8Bpg3nVyKQAoRZfEJMmjkEMo_HiBaLUAt7YQVBEtgxKurymxcqPG4BjCSW29BhhGaGbl0u_bRz4MRvRa6aLy-NZAQs_m6YohOG0YjxJoo1M5mJjL8mUhCv9nNsiJT6tNRWZaCgYKATASATASFQE65dr8D0nQXqUgBqtRk92tvj8-Nw0163"} ----END HTTP----
[HTTP]	2022-08-17 15:52:46	[info]	[REQUEST]	[::1]	[GET]	/api/v1/user/secret	[] 	---- {} ----END HTTP----
[HTTP]	2022-08-17 15:53:55	[info]	[REQUEST]	[::1]	[GET]	/api/v1/user/secret	[] 	---- {} ----END HTTP----
[HTTP]	2022-08-17 16:05:04	[info]	[REQUEST]	[::1]	[POST]	/api/v1/user/register	[] 	---- {"email":"test1@gmail.com","password":"abc123","displayName":"Pioo"} ----END HTTP----
[HTTP]	2022-08-17 16:05:07	[info]	[REQUEST]	[::1]	[POST]	/api/v1/user/login	[] 	---- {"email":"test1@gmail.com","password":"abc123"} ----END HTTP----
[HTTP]	2022-08-17 16:06:10	[info]	[REQUEST]	[::1]	[POST]	/api/v1/user/auth/google	[] 	---- {"access_token":"ya29.A0AVA9y1sEtH5KqR3hKs54JfnfG8Bpg3nVyKQAoRZfEJMmjkEMo_HiBaLUAt7YQVBEtgxKurymxcqPG4BjCSW29BhhGaGbl0u_bRz4MRvRa6aLy-NZAQs_m6YohOG0YjxJoo1M5mJjL8mUhCv9nNsiJT6tNRWZaCgYKATASATASFQE65dr8D0nQXqUgBqtRk92tvj8-Nw0163"} ----END HTTP----
[HTTP]	2022-08-17 16:06:17	[info]	[REQUEST]	[::1]	[POST]	/api/v1/user/auth/google	[] 	---- {"access_token":"ya29.A0AVA9y1sEtH5KqR3hKs54JfnfG8Bpg3nVyKQAoRZfEJMmjkEMo_HiBaLUAt7YQVBEtgxKurymxcqPG4BjCSW29BhhGaGbl0u_bRz4MRvRa6aLy-NZAQs_m6YohOG0YjxJoo1M5mJjL8mUhCv9nNsiJT6tNRWZaCgYKATASATASFQE65dr8D0nQXqUgBqtRk92tvj8-Nw0163"} ----END HTTP----
[HTTP]	2022-08-17 16:07:43	[info]	[REQUEST]	[::1]	[POST]	/api/v1/user/auth/google	[] 	---- {"access_token":"ya29.A0AVA9y1sEtH5KqR3hKs54JfnfG8Bpg3nVyKQAoRZfEJMmjkEMo_HiBaLUAt7YQVBEtgxKurymxcqPG4BjCSW29BhhGaGbl0u_bRz4MRvRa6aLy-NZAQs_m6YohOG0YjxJoo1M5mJjL8mUhCv9nNsiJT6tNRWZaCgYKATASATASFQE65dr8D0nQXqUgBqtRk92tvj8-Nw0163"} ----END HTTP----
[HTTP]	2022-08-17 16:08:22	[info]	[REQUEST]	[::1]	[POST]	/api/v1/user/auth/google	[] 	---- {"access_token":"ya29.A0AVA9y1sEtH5KqR3hKs54JfnfG8Bpg3nVyKQAoRZfEJMmjkEMo_HiBaLUAt7YQVBEtgxKurymxcqPG4BjCSW29BhhGaGbl0u_bRz4MRvRa6aLy-NZAQs_m6YohOG0YjxJoo1M5mJjL8mUhCv9nNsiJT6tNRWZaCgYKATASATASFQE65dr8D0nQXqUgBqtRk92tvj8-Nw0163"} ----END HTTP----
[HTTP]	2022-08-17 16:28:53	[info]	[REQUEST]	[::1]	[POST]	/api/v1/user/auth/facebook	[] 	---- {} ----END HTTP----
[HTTP]	2022-08-17 16:31:29	[info]	[REQUEST]	[::1]	[POST]	/api/v1/user/auth/facebook	[] 	---- {} ----END HTTP----
[HTTP]	2022-08-17 16:33:57	[info]	[REQUEST]	[::1]	[POST]	/api/v1/user/auth/google	[] 	---- {"access_token":"ya29.A0AVA9y1sEtH5KqR3hKs54JfnfG8Bpg3nVyKQAoRZfEJMmjkEMo_HiBaLUAt7YQVBEtgxKurymxcqPG4BjCSW29BhhGaGbl0u_bRz4MRvRa6aLy-NZAQs_m6YohOG0YjxJoo1M5mJjL8mUhCv9nNsiJT6tNRWZaCgYKATASATASFQE65dr8D0nQXqUgBqtRk92tvj8-Nw0163"} ----END HTTP----
[HTTP]	2022-08-17 16:34:56	[info]	[REQUEST]	[::1]	[POST]	/api/v1/user/auth/google	[] 	---- {"access_token":"ya29.A0AVA9y1sEtH5KqR3hKs54JfnfG8Bpg3nVyKQAoRZfEJMmjkEMo_HiBaLUAt7YQVBEtgxKurymxcqPG4BjCSW29BhhGaGbl0u_bRz4MRvRa6aLy-NZAQs_m6YohOG0YjxJoo1M5mJjL8mUhCv9nNsiJT6tNRWZaCgYKATASATASFQE65dr8D0nQXqUgBqtRk92tvj8-Nw0163"} ----END HTTP----
[HTTP]	2022-08-17 16:34:59	[info]	[REQUEST]	[::1]	[POST]	/api/v1/user/auth/google	[] 	---- {"access_token":"ya29.A0AVA9y1sEtH5KqR3hKs54JfnfG8Bpg3nVyKQAoRZfEJMmjkEMo_HiBaLUAt7YQVBEtgxKurymxcqPG4BjCSW29BhhGaGbl0u_bRz4MRvRa6aLy-NZAQs_m6YohOG0YjxJoo1M5mJjL8mUhCv9nNsiJT6tNRWZaCgYKATASATASFQE65dr8D0nQXqUgBqtRk92tvj8-Nw0163"} ----END HTTP----
[HTTP]	2022-08-17 16:35:07	[info]	[REQUEST]	[::1]	[POST]	/api/v1/user/auth/google	[] 	---- {"access_token":"ya29.A0AVA9y1sEtH5KqR3hKs54JfnfG8Bpg3nVyKQAoRZfEJMmjkEMo_HiBaLUAt7YQVBEtgxKurymxcqPG4BjCSW29BhhGaGbl0u_bRz4MRvRa6aLy-NZAQs_m6YohOG0YjxJoo1M5mJjL8mUhCv9nNsiJT6tNRWZaCgYKATASATASFQE65dr8D0nQXqUgBqtRk92tvj8-Nw0163"} ----END HTTP----
[HTTP]	2022-08-17 16:35:36	[info]	[REQUEST]	[::1]	[POST]	/api/v1/user/auth/google	[] 	---- {"access_token":"ya29.A0AVA9y1sEtH5KqR3hKs54JfnfG8Bpg3nVyKQAoRZfEJMmjkEMo_HiBaLUAt7YQVBEtgxKurymxcqPG4BjCSW29BhhGaGbl0u_bRz4MRvRa6aLy-NZAQs_m6YohOG0YjxJoo1M5mJjL8mUhCv9nNsiJT6tNRWZaCgYKATASATASFQE65dr8D0nQXqUgBqtRk92tvj8-Nw0163"} ----END HTTP----
[HTTP]	2022-08-17 16:41:05	[info]	[REQUEST]	[::1]	[POST]	/api/v1/user/auth/google	[] 	---- {"access_token":"ya29.A0AVA9y1sEtH5KqR3hKs54JfnfG8Bpg3nVyKQAoRZfEJMmjkEMo_HiBaLUAt7YQVBEtgxKurymxcqPG4BjCSW29BhhGaGbl0u_bRz4MRvRa6aLy-NZAQs_m6YohOG0YjxJoo1M5mJjL8mUhCv9nNsiJT6tNRWZaCgYKATASATASFQE65dr8D0nQXqUgBqtRk92tvj8-Nw0163"} ----END HTTP----
[HTTP]	2022-08-17 16:41:50	[info]	[REQUEST]	[::1]	[POST]	/api/v1/user/auth/google	[] 	---- {"access_token":"ya29.A0AVA9y1sEtH5KqR3hKs54JfnfG8Bpg3nVyKQAoRZfEJMmjkEMo_HiBaLUAt7YQVBEtgxKurymxcqPG4BjCSW29BhhGaGbl0u_bRz4MRvRa6aLy-NZAQs_m6YohOG0YjxJoo1M5mJjL8mUhCv9nNsiJT6tNRWZaCgYKATASATASFQE65dr8D0nQXqUgBqtRk92tvj8-Nw0163"} ----END HTTP----
[HTTP]	2022-08-17 16:43:52	[info]	[REQUEST]	[::1]	[POST]	/api/v1/user/auth/google	[] 	---- {"access_token":"ya29.A0AVA9y1sEtH5KqR3hKs54JfnfG8Bpg3nVyKQAoRZfEJMmjkEMo_HiBaLUAt7YQVBEtgxKurymxcqPG4BjCSW29BhhGaGbl0u_bRz4MRvRa6aLy-NZAQs_m6YohOG0YjxJoo1M5mJjL8mUhCv9nNsiJT6tNRWZaCgYKATASATASFQE65dr8D0nQXqUgBqtRk92tvj8-Nw0163"} ----END HTTP----
[HTTP]	2022-08-17 16:54:11	[info]	[REQUEST]	[::1]	[POST]	/api/v1/user/auth/google	[] 	---- {"access_token":"ya29.A0AVA9y1sEtH5KqR3hKs54JfnfG8Bpg3nVyKQAoRZfEJMmjkEMo_HiBaLUAt7YQVBEtgxKurymxcqPG4BjCSW29BhhGaGbl0u_bRz4MRvRa6aLy-NZAQs_m6YohOG0YjxJoo1M5mJjL8mUhCv9nNsiJT6tNRWZaCgYKATASATASFQE65dr8D0nQXqUgBqtRk92tvj8-Nw0163"} ----END HTTP----
[HTTP]	2022-08-17 16:54:47	[info]	[REQUEST]	[::1]	[POST]	/api/v1/user/auth/google	[] 	---- {"access_token":"ya29.A0AVA9y1sEtH5KqR3hKs54JfnfG8Bpg3nVyKQAoRZfEJMmjkEMo_HiBaLUAt7YQVBEtgxKurymxcqPG4BjCSW29BhhGaGbl0u_bRz4MRvRa6aLy-NZAQs_m6YohOG0YjxJoo1M5mJjL8mUhCv9nNsiJT6tNRWZaCgYKATASATASFQE65dr8D0nQXqUgBqtRk92tvj8-Nw0163"} ----END HTTP----
[HTTP]	2022-08-17 16:55:07	[info]	[REQUEST]	[::1]	[POST]	/api/v1/user/auth/google	[] 	---- {"access_token":"ya29.A0AVA9y1sEtH5KqR3hKs54JfnfG8Bpg3nVyKQAoRZfEJMmjkEMo_HiBaLUAt7YQVBEtgxKurymxcqPG4BjCSW29BhhGaGbl0u_bRz4MRvRa6aLy-NZAQs_m6YohOG0YjxJoo1M5mJjL8mUhCv9nNsiJT6tNRWZaCgYKATASATASFQE65dr8D0nQXqUgBqtRk92tvj8-Nw0163"} ----END HTTP----
[HTTP]	2022-08-17 16:55:40	[info]	[REQUEST]	[::1]	[POST]	/api/v1/user/auth/google	[] 	---- {"access_token":"ya29.A0AVA9y1v6mfEWD2jFiZlIXOHI1ydXL7xEUqFlaJmP0DGpa3MGF3kXGlSjdavddN3okk1i24Y7sl9ZyryZKnu6a7WzZpJn0M8eaZWgLQapNg1NxsJrbxn-wJXIQqw9RIBqHI20pTdnntkC3rcm9Q-Py6hZa2LIaCgYKATASATASFQE65dr8WHRxcZLOmmw5cSG9g8iAEg0163"} ----END HTTP----
[HTTP]	2022-08-17 16:56:16	[info]	[REQUEST]	[::1]	[POST]	/api/v1/user/auth/google	[] 	---- {"access_token":"ya29.A0AVA9y1v6mfEWD2jFiZlIXOHI1ydXL7xEUqFlaJmP0DGpa3MGF3kXGlSjdavddN3okk1i24Y7sl9ZyryZKnu6a7WzZpJn0M8eaZWgLQapNg1NxsJrbxn-wJXIQqw9RIBqHI20pTdnntkC3rcm9Q-Py6hZa2LIaCgYKATASATASFQE65dr8WHRxcZLOmmw5cSG9g8iAEg0163"} ----END HTTP----
[HTTP]	2022-08-17 16:57:52	[info]	[REQUEST]	[::1]	[POST]	/api/v1/user/auth/google	[] 	---- {"access_token":"ya29.A0AVA9y1v6mfEWD2jFiZlIXOHI1ydXL7xEUqFlaJmP0DGpa3MGF3kXGlSjdavddN3okk1i24Y7sl9ZyryZKnu6a7WzZpJn0M8eaZWgLQapNg1NxsJrbxn-wJXIQqw9RIBqHI20pTdnntkC3rcm9Q-Py6hZa2LIaCgYKATASATASFQE65dr8WHRxcZLOmmw5cSG9g8iAEg0163"} ----END HTTP----
[HTTP]	2022-08-17 16:58:32	[info]	[REQUEST]	[::1]	[POST]	/api/v1/user/auth/google	[] 	---- {"access_token":"ya29.A0AVA9y1v6mfEWD2jFiZlIXOHI1ydXL7xEUqFlaJmP0DGpa3MGF3kXGlSjdavddN3okk1i24Y7sl9ZyryZKnu6a7WzZpJn0M8eaZWgLQapNg1NxsJrbxn-wJXIQqw9RIBqHI20pTdnntkC3rcm9Q-Py6hZa2LIaCgYKATASATASFQE65dr8WHRxcZLOmmw5cSG9g8iAEg0163"} ----END HTTP----
[HTTP]	2022-08-17 16:59:56	[info]	[REQUEST]	[::1]	[POST]	/api/v1/user/auth/google	[] 	---- {"access_token":"ya29.A0AVA9y1v6mfEWD2jFiZlIXOHI1ydXL7xEUqFlaJmP0DGpa3MGF3kXGlSjdavddN3okk1i24Y7sl9ZyryZKnu6a7WzZpJn0M8eaZWgLQapNg1NxsJrbxn-wJXIQqw9RIBqHI20pTdnntkC3rcm9Q-Py6hZa2LIaCgYKATASATASFQE65dr8WHRxcZLOmmw5cSG9g8iAEg0163"} ----END HTTP----
[HTTP]	2022-08-17 17:00:18	[info]	[REQUEST]	[::1]	[POST]	/api/v1/user/auth/facebook	[] 	---- {} ----END HTTP----
[HTTP]	2022-08-17 17:00:48	[info]	[REQUEST]	[::1]	[POST]	/api/v1/user/auth/facebook	[] 	---- {"access_token":"EAAFgZB338Q3EBADh8RENNio1XdgjPBQAGqDJYYSB9Uy56McG1k5ufai0aQ0ZArCZA8kN0WNlDh7EyGdPE330caLkMwa2Rf9lSaNuMccc8XV1q6PSjsNXZBehYY05FAVZCIXiZByIYFNhVGNywAzXLdvhnFONxIzpUnZC8PtdXO58QIBKOboFwQEWR2OamburKXl6G0T9VNMZCwZDZD"} ----END HTTP----
[HTTP]	2022-08-17 17:01:45	[info]	[REQUEST]	[::1]	[POST]	/api/v1/user/auth/google	[] 	---- {"access_token":"ya29.A0AVA9y1v6mfEWD2jFiZlIXOHI1ydXL7xEUqFlaJmP0DGpa3MGF3kXGlSjdavddN3okk1i24Y7sl9ZyryZKnu6a7WzZpJn0M8eaZWgLQapNg1NxsJrbxn-wJXIQqw9RIBqHI20pTdnntkC3rcm9Q-Py6hZa2LIaCgYKATASATASFQE65dr8WHRxcZLOmmw5cSG9g8iAEg0163"} ----END HTTP----
[HTTP]	2022-08-17 17:02:13	[info]	[REQUEST]	[::1]	[POST]	/api/v1/user/auth/google	[] 	---- {"access_token":"ya29.A0AVA9y1v6mfEWD2jFiZlIXOHI1ydXL7xEUqFlaJmP0DGpa3MGF3kXGlSjdavddN3okk1i24Y7sl9ZyryZKnu6a7WzZpJn0M8eaZWgLQapNg1NxsJrbxn-wJXIQqw9RIBqHI20pTdnntkC3rcm9Q-Py6hZa2LIaCgYKATASATASFQE65dr8WHRxcZLOmmw5cSG9g8iAEg0163"} ----END HTTP----
[HTTP]	2022-08-17 17:02:27	[info]	[REQUEST]	[::1]	[POST]	/api/v1/user/auth/google	[] 	---- {"access_token":"ya29.A0AVA9y1v6mfEWD2jFiZlIXOHI1ydXL7xEUqFlaJmP0DGpa3MGF3kXGlSjdavddN3okk1i24Y7sl9ZyryZKnu6a7WzZpJn0M8eaZWgLQapNg1NxsJrbxn-wJXIQqw9RIBqHI20pTdnntkC3rcm9Q-Py6hZa2LIaCgYKATASATASFQE65dr8WHRxcZLOmmw5cSG9g8iAEg0163"} ----END HTTP----
[HTTP]	2022-08-17 17:03:26	[info]	[REQUEST]	[::1]	[POST]	/api/v1/user/auth/google	[] 	---- {"access_token":"ya29.A0AVA9y1v6mfEWD2jFiZlIXOHI1ydXL7xEUqFlaJmP0DGpa3MGF3kXGlSjdavddN3okk1i24Y7sl9ZyryZKnu6a7WzZpJn0M8eaZWgLQapNg1NxsJrbxn-wJXIQqw9RIBqHI20pTdnntkC3rcm9Q-Py6hZa2LIaCgYKATASATASFQE65dr8WHRxcZLOmmw5cSG9g8iAEg0163"} ----END HTTP----
[HTTP]	2022-08-17 17:09:51	[info]	[REQUEST]	[::1]	[POST]	/api/v1/user/auth/google	[] 	---- {"access_token":"ya29.A0AVA9y1v6mfEWD2jFiZlIXOHI1ydXL7xEUqFlaJmP0DGpa3MGF3kXGlSjdavddN3okk1i24Y7sl9ZyryZKnu6a7WzZpJn0M8eaZWgLQapNg1NxsJrbxn-wJXIQqw9RIBqHI20pTdnntkC3rcm9Q-Py6hZa2LIaCgYKATASATASFQE65dr8WHRxcZLOmmw5cSG9g8iAEg0163"} ----END HTTP----
[HTTP]	2022-08-17 17:10:06	[info]	[REQUEST]	[::1]	[POST]	/api/v1/user/auth/facebook	[] 	---- {"access_token":"EAAFgZB338Q3EBADh8RENNio1XdgjPBQAGqDJYYSB9Uy56McG1k5ufai0aQ0ZArCZA8kN0WNlDh7EyGdPE330caLkMwa2Rf9lSaNuMccc8XV1q6PSjsNXZBehYY05FAVZCIXiZByIYFNhVGNywAzXLdvhnFONxIzpUnZC8PtdXO58QIBKOboFwQEWR2OamburKXl6G0T9VNMZCwZDZD"} ----END HTTP----
[HTTP]	2022-08-17 17:10:58	[info]	[REQUEST]	[::1]	[POST]	/api/v1/user/auth/facebook	[] 	---- {"access_token":"EAAFgZB338Q3EBADh8RENNio1XdgjPBQAGqDJYYSB9Uy56McG1k5ufai0aQ0ZArCZA8kN0WNlDh7EyGdPE330caLkMwa2Rf9lSaNuMccc8XV1q6PSjsNXZBehYY05FAVZCIXiZByIYFNhVGNywAzXLdvhnFONxIzpUnZC8PtdXO58QIBKOboFwQEWR2OamburKXl6G0T9VNMZCwZDZD"} ----END HTTP----
[HTTP]	2022-08-17 17:13:18	[info]	[REQUEST]	[::1]	[POST]	/api/v1/user/auth/facebook	[] 	---- {"access_token":"EAAFgZB338Q3EBADh8RENNio1XdgjPBQAGqDJYYSB9Uy56McG1k5ufai0aQ0ZArCZA8kN0WNlDh7EyGdPE330caLkMwa2Rf9lSaNuMccc8XV1q6PSjsNXZBehYY05FAVZCIXiZByIYFNhVGNywAzXLdvhnFONxIzpUnZC8PtdXO58QIBKOboFwQEWR2OamburKXl6G0T9VNMZCwZDZD"} ----END HTTP----
[HTTP]	2022-08-17 17:13:32	[info]	[REQUEST]	[::1]	[POST]	/api/v1/user/auth/google	[] 	---- {"access_token":"ya29.A0AVA9y1v6mfEWD2jFiZlIXOHI1ydXL7xEUqFlaJmP0DGpa3MGF3kXGlSjdavddN3okk1i24Y7sl9ZyryZKnu6a7WzZpJn0M8eaZWgLQapNg1NxsJrbxn-wJXIQqw9RIBqHI20pTdnntkC3rcm9Q-Py6hZa2LIaCgYKATASATASFQE65dr8WHRxcZLOmmw5cSG9g8iAEg0163"} ----END HTTP----
[HTTP]	2022-08-17 17:14:11	[info]	[REQUEST]	[::1]	[POST]	/api/v1/user/auth/google	[] 	---- {"access_token":"ya29.A0AVA9y1v6mfEWD2jFiZlIXOHI1ydXL7xEUqFlaJmP0DGpa3MGF3kXGlSjdavddN3okk1i24Y7sl9ZyryZKnu6a7WzZpJn0M8eaZWgLQapNg1NxsJrbxn-wJXIQqw9RIBqHI20pTdnntkC3rcm9Q-Py6hZa2LIaCgYKATASATASFQE65dr8WHRxcZLOmmw5cSG9g8iAEg0163"} ----END HTTP----
[HTTP]	2022-08-17 17:14:17	[info]	[REQUEST]	[::1]	[POST]	/api/v1/user/auth/facebook	[] 	---- {"access_token":"EAAFgZB338Q3EBADh8RENNio1XdgjPBQAGqDJYYSB9Uy56McG1k5ufai0aQ0ZArCZA8kN0WNlDh7EyGdPE330caLkMwa2Rf9lSaNuMccc8XV1q6PSjsNXZBehYY05FAVZCIXiZByIYFNhVGNywAzXLdvhnFONxIzpUnZC8PtdXO58QIBKOboFwQEWR2OamburKXl6G0T9VNMZCwZDZD"} ----END HTTP----
[HTTP]	2022-08-17 17:28:49	[info]	[REQUEST]	[::1]	[POST]	/api/v1/user/auth/facebook	[] 	---- {} ----END HTTP----
[HTTP]	2022-08-17 17:34:00	[info]	[REQUEST]	[::1]	[POST]	/api/v1/user/auth/facebook	[] 	---- {"access_token":"EAAFgZB338Q3EBADh8RENNio1XdgjPBQAGqDJYYSB9Uy56McG1k5ufai0aQ0ZArCZA8kN0WNlDh7EyGdPE330caLkMwa2Rf9lSaNuMccc8XV1q6PSjsNXZBehYY05FAVZCIXiZByIYFNhVGNywAzXLdvhnFONxIzpUnZC8PtdXO58QIBKOboFwQEWR2OamburKXl6G0T9VNMZCwZDZD"} ----END HTTP----
[HTTP]	2022-08-17 17:59:11	[info]	[REQUEST]	[::1]	[POST]	/api/v1/user/auth/google	[] 	---- {"access_token":"ya29.A0AVA9y1v6mfEWD2jFiZlIXOHI1ydXL7xEUqFlaJmP0DGpa3MGF3kXGlSjdavddN3okk1i24Y7sl9ZyryZKnu6a7WzZpJn0M8eaZWgLQapNg1NxsJrbxn-wJXIQqw9RIBqHI20pTdnntkC3rcm9Q-Py6hZa2LIaCgYKATASATASFQE65dr8WHRxcZLOmmw5cSG9g8iAEg0163"} ----END HTTP----
[HTTP]	2022-08-17 17:59:13	[info]	[REQUEST]	[::1]	[POST]	/api/v1/user/auth/google	[] 	---- {"access_token":"ya29.A0AVA9y1v6mfEWD2jFiZlIXOHI1ydXL7xEUqFlaJmP0DGpa3MGF3kXGlSjdavddN3okk1i24Y7sl9ZyryZKnu6a7WzZpJn0M8eaZWgLQapNg1NxsJrbxn-wJXIQqw9RIBqHI20pTdnntkC3rcm9Q-Py6hZa2LIaCgYKATASATASFQE65dr8WHRxcZLOmmw5cSG9g8iAEg0163"} ----END HTTP----
[HTTP]	2022-08-17 17:59:15	[info]	[REQUEST]	[::1]	[POST]	/api/v1/user/auth/google	[] 	---- {"access_token":"ya29.A0AVA9y1v6mfEWD2jFiZlIXOHI1ydXL7xEUqFlaJmP0DGpa3MGF3kXGlSjdavddN3okk1i24Y7sl9ZyryZKnu6a7WzZpJn0M8eaZWgLQapNg1NxsJrbxn-wJXIQqw9RIBqHI20pTdnntkC3rcm9Q-Py6hZa2LIaCgYKATASATASFQE65dr8WHRxcZLOmmw5cSG9g8iAEg0163"} ----END HTTP----
[HTTP]	2022-08-17 17:59:17	[info]	[REQUEST]	[::1]	[POST]	/api/v1/user/auth/google	[] 	---- {"access_token":"ya29.A0AVA9y1v6mfEWD2jFiZlIXOHI1ydXL7xEUqFlaJmP0DGpa3MGF3kXGlSjdavddN3okk1i24Y7sl9ZyryZKnu6a7WzZpJn0M8eaZWgLQapNg1NxsJrbxn-wJXIQqw9RIBqHI20pTdnntkC3rcm9Q-Py6hZa2LIaCgYKATASATASFQE65dr8WHRxcZLOmmw5cSG9g8iAEg0163"} ----END HTTP----
[HTTP]	2022-08-17 17:59:39	[info]	[REQUEST]	[::1]	[POST]	/api/v1/user/auth/google	[] 	---- {"access_token":"ya29.A0AVA9y1uiAWokKJyHxLiwaLuAUWPvESklRsYXeuwv5SDxiYndINSKFER_c7XSwNW_co_D8a7wYBkTAvLvQNiQaPfJNHTmC0lYYggGlBlkDm7oc4EYdTyPzsuRHvJt7bzIIdjtgozZQJeykqwWXQIKHCSyDtDNaCgYKATASATASFQE65dr8pg7KgxmSyGzUtloF23ZrrA0163"} ----END HTTP----
[HTTP]	2022-08-18 09:07:13	[info]	[REQUEST]	[::1]	[POST]	/api/v1/user/auth/facebook	[] 	---- {"access_token":"EAAFgZB338Q3EBAHYlgR2ZBqsaRNVlq7Y4SSag23rJH3b2jyHLhhMGfGHwSiYBhluqeMZCnuTduZCxA9MGFo4S3xrKZAFlYaphKZCgwfqa7HMtlkhcFuqaZByTpllDoOWGeTPFvY1sPrtwcLV61TQI94aNvZAwEcvQQzPJsCubu4HcPQ6bAGDj1rEq0zj5UCZCeWicuEqu5HzLjAZDZD"} ----END HTTP----
[HTTP]	2022-08-18 09:13:42	[info]	[REQUEST]	[::1]	[POST]	/api/v1/user/auth/google	[] 	---- {"access_token":"ya29.A0AVA9y1sql0SDN-oss4Z7HKEzBjm247cx1XXvKhEOUk981d4vUNQFMiwpFnZT5HklQhW9M4glKKPoQNSjq8sreWNy0UHBjmAL_cpzk_4mKdJWZEFQ7mfC5jk4V1f2qUBMwZ3yHjIIYONbsRM9stIHglMJQ7reaCgYKATASATASFQE65dr8vNiTu9rRJMomCeZyQWVKTQ0163"} ----END HTTP----
[HTTP]	2022-08-18 14:32:59	[info]	[REQUEST]	[::1]	[POST]	/api/v1/user/auth/google	[] 	---- {"access_token":"ya29.A0AVA9y1skBtO226XpGi2oVzR2QZfoyt9_yfcD7FUQbhehrQvaQRvcLxm7fEGVTrhjSJRNGCYocCGCTPQXkImNmAM6OCSIM_5YFtOoiMH6AwKuNIWm7mnyFOxFXZUYquq1nDXN7-mPMjD-q77irlRENiZZFGRmFAaCgYKATASATASFQE65dr8RaAYtyQSM5Vhob-mY_Ku4w0165"} ----END HTTP----
[HTTP]	2022-08-18 14:34:34	[info]	[REQUEST]	[::1]	[POST]	/api/v1/user/auth/google	[] 	---- {"access_token":"ya29.A0AVA9y1skBtO226XpGi2oVzR2QZfoyt9_yfcD7FUQbhehrQvaQRvcLxm7fEGVTrhjSJRNGCYocCGCTPQXkImNmAM6OCSIM_5YFtOoiMH6AwKuNIWm7mnyFOxFXZUYquq1nDXN7-mPMjD-q77irlRENiZZFGRmFAaCgYKATASATASFQE65dr8RaAYtyQSM5Vhob-mY_Ku4w0165"} ----END HTTP----
[HTTP]	2022-08-18 14:35:47	[info]	[REQUEST]	[::1]	[POST]	/api/v1/user/auth/google	[] 	---- {"access_token":"ya29.A0AVA9y1skBtO226XpGi2oVzR2QZfoyt9_yfcD7FUQbhehrQvaQRvcLxm7fEGVTrhjSJRNGCYocCGCTPQXkImNmAM6OCSIM_5YFtOoiMH6AwKuNIWm7mnyFOxFXZUYquq1nDXN7-mPMjD-q77irlRENiZZFGRmFAaCgYKATASATASFQE65dr8RaAYtyQSM5Vhob-mY_Ku4w0165"} ----END HTTP----
[HTTP]	2022-08-18 14:37:53	[info]	[REQUEST]	[::1]	[POST]	/api/v1/user/auth/google	[] 	---- {"access_token":"ya29.A0AVA9y1skBtO226XpGi2oVzR2QZfoyt9_yfcD7FUQbhehrQvaQRvcLxm7fEGVTrhjSJRNGCYocCGCTPQXkImNmAM6OCSIM_5YFtOoiMH6AwKuNIWm7mnyFOxFXZUYquq1nDXN7-mPMjD-q77irlRENiZZFGRmFAaCgYKATASATASFQE65dr8RaAYtyQSM5Vhob-mY_Ku4w0165"} ----END HTTP----
[HTTP]	2022-08-18 14:39:00	[info]	[REQUEST]	[::1]	[POST]	/api/v1/user/auth/google	[] 	---- {"access_token":"ya29.A0AVA9y1skBtO226XpGi2oVzR2QZfoyt9_yfcD7FUQbhehrQvaQRvcLxm7fEGVTrhjSJRNGCYocCGCTPQXkImNmAM6OCSIM_5YFtOoiMH6AwKuNIWm7mnyFOxFXZUYquq1nDXN7-mPMjD-q77irlRENiZZFGRmFAaCgYKATASATASFQE65dr8RaAYtyQSM5Vhob-mY_Ku4w0165"} ----END HTTP----
[HTTP]	2022-08-18 14:42:56	[info]	[REQUEST]	[::1]	[POST]	/api/v1/user/auth/google	[] 	---- {"access_token":"ya29.A0AVA9y1skBtO226XpGi2oVzR2QZfoyt9_yfcD7FUQbhehrQvaQRvcLxm7fEGVTrhjSJRNGCYocCGCTPQXkImNmAM6OCSIM_5YFtOoiMH6AwKuNIWm7mnyFOxFXZUYquq1nDXN7-mPMjD-q77irlRENiZZFGRmFAaCgYKATASATASFQE65dr8RaAYtyQSM5Vhob-mY_Ku4w0165"} ----END HTTP----
[HTTP]	2022-08-18 14:43:19	[info]	[REQUEST]	[::1]	[POST]	/api/v1/user/auth/google	[] 	---- {"access_token":"ya29.A0AVA9y1skBtO226XpGi2oVzR2QZfoyt9_yfcD7FUQbhehrQvaQRvcLxm7fEGVTrhjSJRNGCYocCGCTPQXkImNmAM6OCSIM_5YFtOoiMH6AwKuNIWm7mnyFOxFXZUYquq1nDXN7-mPMjD-q77irlRENiZZFGRmFAaCgYKATASATASFQE65dr8RaAYtyQSM5Vhob-mY_Ku4w0165"} ----END HTTP----
[HTTP]	2022-08-18 14:50:22	[info]	[REQUEST]	[::1]	[POST]	/api/v1/user/auth/facebook	[] 	---- {"access_token":"EAAFgZB338Q3EBAGrpjVFq0McVATiRZCbxXPtTGLG47EtjAiZCgRjzEhpOI82YxIT6Im02wFx98tdeSlf6ki1qwZBPg9ySDtg6rWfQ0IMelyTMLFK1a8gYZCDYXfBJ4HvAydMfljx8mVmF34HVSboEtWRVhcmgTHAMbthZBSTdaqDBXGBZC9t8tZAubHuPUb8WliRSoyjNWj00AZDZD"} ----END HTTP----
[HTTP]	2022-08-18 14:50:28	[info]	[REQUEST]	[::1]	[POST]	/api/v1/user/auth/facebook	[] 	---- {"access_token":"EAAFgZB338Q3EBAGrpjVFq0McVATiRZCbxXPtTGLG47EtjAiZCgRjzEhpOI82YxIT6Im02wFx98tdeSlf6ki1qwZBPg9ySDtg6rWfQ0IMelyTMLFK1a8gYZCDYXfBJ4HvAydMfljx8mVmF34HVSboEtWRVhcmgTHAMbthZBSTdaqDBXGBZC9t8tZAubHuPUb8WliRSoyjNWj00AZDZD"} ----END HTTP----
[HTTP]	2022-08-18 14:53:08	[info]	[REQUEST]	[::1]	[POST]	/api/v1/user/auth/facebook	[] 	---- {"access_token":"EAAFgZB338Q3EBAGrpjVFq0McVATiRZCbxXPtTGLG47EtjAiZCgRjzEhpOI82YxIT6Im02wFx98tdeSlf6ki1qwZBPg9ySDtg6rWfQ0IMelyTMLFK1a8gYZCDYXfBJ4HvAydMfljx8mVmF34HVSboEtWRVhcmgTHAMbthZBSTdaqDBXGBZC9t8tZAubHuPUb8WliRSoyjNWj00AZDZD"} ----END HTTP----
[HTTP]	2022-08-18 14:55:25	[info]	[REQUEST]	[::1]	[POST]	/api/v1/user/auth/facebook	[] 	---- {"access_token":"EAAFgZB338Q3EBAGrpjVFq0McVATiRZCbxXPtTGLG47EtjAiZCgRjzEhpOI82YxIT6Im02wFx98tdeSlf6ki1qwZBPg9ySDtg6rWfQ0IMelyTMLFK1a8gYZCDYXfBJ4HvAydMfljx8mVmF34HVSboEtWRVhcmgTHAMbthZBSTdaqDBXGBZC9t8tZAubHuPUb8WliRSoyjNWj00AZDZD"} ----END HTTP----
[HTTP]	2022-08-18 14:56:09	[info]	[REQUEST]	[::1]	[POST]	/api/v1/user/auth/facebook	[] 	---- {"access_token":"EAAFgZB338Q3EBAGrpjVFq0McVATiRZCbxXPtTGLG47EtjAiZCgRjzEhpOI82YxIT6Im02wFx98tdeSlf6ki1qwZBPg9ySDtg6rWfQ0IMelyTMLFK1a8gYZCDYXfBJ4HvAydMfljx8mVmF34HVSboEtWRVhcmgTHAMbthZBSTdaqDBXGBZC9t8tZAubHuPUb8WliRSoyjNWj00AZDZD"} ----END HTTP----
[HTTP]	2022-08-18 14:57:05	[info]	[REQUEST]	[::1]	[GET]	/api/v1/user/secret	[] 	---- {} ----END HTTP----
[HTTP]	2022-08-18 15:26:36	[info]	[REQUEST]	[::1]	[POST]	/api/v1/user/auth/refresh-token	[] 	---- {"access_token":"ya29.A0AVA9y1skBtO226XpGi2oVzR2QZfoyt9_yfcD7FUQbhehrQvaQRvcLxm7fEGVTrhjSJRNGCYocCGCTPQXkImNmAM6OCSIM_5YFtOoiMH6AwKuNIWm7mnyFOxFXZUYquq1nDXN7-mPMjD-q77irlRENiZZFGRmFAaCgYKATASATASFQE65dr8RaAYtyQSM5Vhob-mY_Ku4w0165"} ----END HTTP----
[HTTP]	2022-08-18 15:27:04	[info]	[REQUEST]	[::1]	[POST]	/api/v1/user/auth/refresh-token	[] 	---- {"access_token":"ya29.A0AVA9y1skBtO226XpGi2oVzR2QZfoyt9_yfcD7FUQbhehrQvaQRvcLxm7fEGVTrhjSJRNGCYocCGCTPQXkImNmAM6OCSIM_5YFtOoiMH6AwKuNIWm7mnyFOxFXZUYquq1nDXN7-mPMjD-q77irlRENiZZFGRmFAaCgYKATASATASFQE65dr8RaAYtyQSM5Vhob-mY_Ku4w0165"} ----END HTTP----
[HTTP]	2022-08-18 15:58:34	[info]	[REQUEST]	[::1]	[POST]	/api/v1/user/auth/refresh-token	[] 	---- {"access_token":"ya29.A0AVA9y1skBtO226XpGi2oVzR2QZfoyt9_yfcD7FUQbhehrQvaQRvcLxm7fEGVTrhjSJRNGCYocCGCTPQXkImNmAM6OCSIM_5YFtOoiMH6AwKuNIWm7mnyFOxFXZUYquq1nDXN7-mPMjD-q77irlRENiZZFGRmFAaCgYKATASATASFQE65dr8RaAYtyQSM5Vhob-mY_Ku4w0165"} ----END HTTP----
[HTTP]	2022-08-18 15:58:41	[info]	[REQUEST]	[::1]	[POST]	/api/v1/user/auth/refresh-token	[] 	---- {"access_token":"ya29.A0AVA9y1skBtO226XpGi2oVzR2QZfoyt9_yfcD7FUQbhehrQvaQRvcLxm7fEGVTrhjSJRNGCYocCGCTPQXkImNmAM6OCSIM_5YFtOoiMH6AwKuNIWm7mnyFOxFXZUYquq1nDXN7-mPMjD-q77irlRENiZZFGRmFAaCgYKATASATASFQE65dr8RaAYtyQSM5Vhob-mY_Ku4w0165"} ----END HTTP----
[HTTP]	2022-08-18 15:59:14	[info]	[REQUEST]	[::1]	[POST]	/api/v1/user/auth/refresh-token	[] 	---- {"access_token":"ya29.A0AVA9y1skBtO226XpGi2oVzR2QZfoyt9_yfcD7FUQbhehrQvaQRvcLxm7fEGVTrhjSJRNGCYocCGCTPQXkImNmAM6OCSIM_5YFtOoiMH6AwKuNIWm7mnyFOxFXZUYquq1nDXN7-mPMjD-q77irlRENiZZFGRmFAaCgYKATASATASFQE65dr8RaAYtyQSM5Vhob-mY_Ku4w0165"} ----END HTTP----
[HTTP]	2022-08-18 15:59:56	[info]	[REQUEST]	[::1]	[POST]	/api/v1/user/auth/refresh-token	[] 	---- {"access_token":"ya29.A0AVA9y1skBtO226XpGi2oVzR2QZfoyt9_yfcD7FUQbhehrQvaQRvcLxm7fEGVTrhjSJRNGCYocCGCTPQXkImNmAM6OCSIM_5YFtOoiMH6AwKuNIWm7mnyFOxFXZUYquq1nDXN7-mPMjD-q77irlRENiZZFGRmFAaCgYKATASATASFQE65dr8RaAYtyQSM5Vhob-mY_Ku4w0165"} ----END HTTP----
[HTTP]	2022-08-18 16:00:35	[info]	[REQUEST]	[::1]	[POST]	/api/v1/user/auth/refresh-token	[] 	---- {"access_token":"ya29.A0AVA9y1skBtO226XpGi2oVzR2QZfoyt9_yfcD7FUQbhehrQvaQRvcLxm7fEGVTrhjSJRNGCYocCGCTPQXkImNmAM6OCSIM_5YFtOoiMH6AwKuNIWm7mnyFOxFXZUYquq1nDXN7-mPMjD-q77irlRENiZZFGRmFAaCgYKATASATASFQE65dr8RaAYtyQSM5Vhob-mY_Ku4w0165"} ----END HTTP----
[HTTP]	2022-08-18 16:03:04	[info]	[REQUEST]	[::1]	[POST]	/api/v1/user/auth/refresh-token	[] 	---- {"access_token":"ya29.A0AVA9y1skBtO226XpGi2oVzR2QZfoyt9_yfcD7FUQbhehrQvaQRvcLxm7fEGVTrhjSJRNGCYocCGCTPQXkImNmAM6OCSIM_5YFtOoiMH6AwKuNIWm7mnyFOxFXZUYquq1nDXN7-mPMjD-q77irlRENiZZFGRmFAaCgYKATASATASFQE65dr8RaAYtyQSM5Vhob-mY_Ku4w0165"} ----END HTTP----
[HTTP]	2022-08-18 16:08:46	[info]	[REQUEST]	[::1]	[POST]	/api/v1/user/auth/refresh-token	[] 	---- {} ----END HTTP----
[HTTP]	2022-08-18 16:09:50	[info]	[REQUEST]	[::1]	[POST]	/api/v1/user/auth/refresh-token	[] 	---- {} ----END HTTP----
[HTTP]	2022-08-18 16:16:45	[info]	[REQUEST]	[::1]	[POST]	/api/v1/user/auth/refresh-token	[] 	---- {} ----END HTTP----
[HTTP]	2022-08-18 16:16:47	[info]	[REQUEST]	[::1]	[POST]	/api/v1/user/auth/refresh-token	[] 	---- {} ----END HTTP----
[HTTP]	2022-08-18 16:17:04	[info]	[REQUEST]	[::1]	[POST]	/api/v1/user/auth/refresh-token	[] 	---- {} ----END HTTP----
[HTTP]	2022-08-18 16:17:19	[info]	[REQUEST]	[::1]	[POST]	/api/v1/user/auth/refresh-token	[] 	---- {} ----END HTTP----
[HTTP]	2022-08-18 16:17:42	[info]	[REQUEST]	[::1]	[POST]	/api/v1/user/auth/google	[] 	---- {"access_token":"ya29.A0AVA9y1skBtO226XpGi2oVzR2QZfoyt9_yfcD7FUQbhehrQvaQRvcLxm7fEGVTrhjSJRNGCYocCGCTPQXkImNmAM6OCSIM_5YFtOoiMH6AwKuNIWm7mnyFOxFXZUYquq1nDXN7-mPMjD-q77irlRENiZZFGRmFAaCgYKATASATASFQE65dr8RaAYtyQSM5Vhob-mY_Ku4w0165"} ----END HTTP----
[HTTP]	2022-08-18 16:18:29	[info]	[REQUEST]	[::1]	[POST]	/api/v1/user/auth/facebook	[] 	---- {"access_token":"EAAFgZB338Q3EBAP3gP9LtqtZAeAn7yf330pWZA4PbZB9IBVAcirPGIu55imEhdokKrhaZCZBIZAXn90JlbCrmxZCp1xjMX9JmQGeZBQsZBa9Hn5v5ZCdq6clVIMGIugSkeggWAVveBOVVr09KXOKpUgKcP1T5EsbXU6ww4Cn4niMstRhsEdTrBPAZCXPKRFguHJZCb7zAQI4POQOpMgZDZD"} ----END HTTP----
[HTTP]	2022-08-18 16:18:49	[info]	[REQUEST]	[::1]	[POST]	/api/v1/user/auth/refresh-token	[] 	---- {} ----END HTTP----
[HTTP]	2022-08-18 16:19:14	[info]	[REQUEST]	[::1]	[POST]	/api/v1/user/auth/refresh-token	[] 	---- {} ----END HTTP----
[HTTP]	2022-08-18 16:19:42	[info]	[REQUEST]	[::1]	[POST]	/api/v1/user/auth/refresh-token	[] 	---- {} ----END HTTP----
[HTTP]	2022-08-18 16:19:48	[info]	[REQUEST]	[::1]	[POST]	/api/v1/user/auth/refresh-token	[] 	---- {} ----END HTTP----
[HTTP]	2022-08-18 16:20:48	[info]	[REQUEST]	[::1]	[POST]	/api/v1/user/auth/refresh-token	[] 	---- {"refresh_token":"eyJhbGciOiJIUzI1NiIsInR5cCI6IkpXVCJ9.eyJhdXRoX2dvb2dsZV9pZCI6IjE5NDAzNzkyMjI4MjQwODQiLCJlbWFpbCI6ImtvZHNlbmlnYW5AZ21haWwuY29tIiwiZGV2aWNlIjoid2ViIiwiaWF0IjoxNjYwODA5MzI2LCJleHAiOjE2NjE0MTQxMjZ9.eW013IMHexibLgdvcqwtR2yLmrFKXQkyrjd6UfP1qLk"} ----END HTTP----
[HTTP]	2022-08-18 16:21:19	[info]	[REQUEST]	[::1]	[POST]	/api/v1/user/auth/refresh-token	[] 	---- {"refresh_token":"eyJhbGciOiJIUzI1NiIsInR5cCI6IkpXVCJ9.eyJhdXRoX2dvb2dsZV9pZCI6IjE5NDAzNzkyMjI4MjQwODQiLCJlbWFpbCI6ImtvZHNlbmlnYW5AZ21haWwuY29tIiwiZGV2aWNlIjoid2ViIiwiaWF0IjoxNjYwODA5MzI2LCJleHAiOjE2NjE0MTQxMjZ9.eW013IMHexibLgdvcqwtR2yLmrFKXQkyrjd6UfP1qLk"} ----END HTTP----
[HTTP]	2022-08-18 16:22:01	[info]	[REQUEST]	[::1]	[POST]	/api/v1/user/auth/refresh-token	[] 	---- {"refresh_token":"eyJhbGciOiJIUzI1NiIsInR5cCI6IkpXVCJ9.eyJhdXRoX2dvb2dsZV9pZCI6IjE5NDAzNzkyMjI4MjQwODQiLCJlbWFpbCI6ImtvZHNlbmlnYW5AZ21haWwuY29tIiwiZGV2aWNlIjoid2ViIiwiaWF0IjoxNjYwODA5MzI2LCJleHAiOjE2NjE0MTQxMjZ9.eW013IMHexibLgdvcqwtR2yLmrFKXQkyrjd6UfP1qLk"} ----END HTTP----
[HTTP]	2022-08-18 16:26:15	[info]	[REQUEST]	[::1]	[POST]	/api/v1/user/auth/refresh-token	[] 	---- {"refresh_token":"eyJhbGciOiJIUzI1NiIsInR5cCI6IkpXVCJ9.eyJhdXRoX2dvb2dsZV9pZCI6IjE5NDAzNzkyMjI4MjQwODQiLCJlbWFpbCI6ImtvZHNlbmlnYW5AZ21haWwuY29tIiwiZGV2aWNlIjoid2ViIiwiaWF0IjoxNjYwODA5MzI2LCJleHAiOjE2NjE0MTQxMjZ9.eW013IMHexibLgdvcqwtR2yLmrFKXQkyrjd6UfP1qLk"} ----END HTTP----
[HTTP]	2022-08-18 16:27:19	[info]	[REQUEST]	[::1]	[POST]	/api/v1/user/auth/refresh-token	[] 	---- {"refresh_token":"eyJhbGciOiJIUzI1NiIsInR5cCI6IkpXVCJ9.eyJhdXRoX2dvb2dsZV9pZCI6IjEwNTgxMTA2NTgwMTg4MTA1OTc5MyIsImVtYWlsIjoiZGV2aHV5MTAxMUBnbWFpbC5jb20iLCJkZXZpY2UiOiJ3ZWIiLCJpYXQiOjE2NjA4MDg1NzcsImV4cCI6MTY2MTQxMzM3N30.Gy3vGb_KT64g7bUkot5olGX9Dg3SXzXuKnOtD7x6agE"} ----END HTTP----
[HTTP]	2022-08-18 16:32:53	[info]	[REQUEST]	[::1]	[POST]	/api/v1/user/auth/refresh-token	[] 	---- {"refresh_token":"eyJhbGciOiJIUzI1NiIsInR5cCI6IkpXVCJ9.eyJhdXRoX2dvb2dsZV9pZCI6IjEwNTgxMTA2NTgwMTg4MTA1OTc5MyIsImVtYWlsIjoiZGV2aHV5MTAxMUBnbWFpbC5jb20iLCJkZXZpY2UiOiJ3ZWIiLCJpYXQiOjE2NjA4MDg1NzcsImV4cCI6MTY2MTQxMzM3N30.Gy3vGb_KT64g7bUkot5olGX9Dg3SXzXuKnOtD7x6agE"} ----END HTTP----
[HTTP]	2022-08-18 16:37:45	[info]	[REQUEST]	[::1]	[POST]	/api/v1/user/auth/refresh-token	[] 	---- {"refresh_token":"eyJhbGciOiJIUzI1NiIsInR5cCI6IkpXVCJ9.eyJhdXRoX2dvb2dsZV9pZCI6IjEwNTgxMTA2NTgwMTg4MTA1OTc5MyIsImVtYWlsIjoiZGV2aHV5MTAxMUBnbWFpbC5jb20iLCJkZXZpY2UiOiJ3ZWIiLCJpYXQiOjE2NjA4MDg1NzcsImV4cCI6MTY2MTQxMzM3N30.Gy3vGb_KT64g7bUkot5olGX9Dg3SXzXuKnOtD7x6agE"} ----END HTTP----
[HTTP]	2022-08-18 16:39:32	[info]	[REQUEST]	[::1]	[POST]	/api/v1/user/auth/refresh-token	[] 	---- {"refresh_token":"eyJhbGciOiJIUzI1NiIsInR5cCI6IkpXVCJ9.eyJhdXRoX2dvb2dsZV9pZCI6IjEwNTgxMTA2NTgwMTg4MTA1OTc5MyIsImVtYWlsIjoiZGV2aHV5MTAxMUBnbWFpbC5jb20iLCJkZXZpY2UiOiJ3ZWIiLCJpYXQiOjE2NjA4MDg1NzcsImV4cCI6MTY2MTQxMzM3N30.Gy3vGb_KT64g7bUkot5olGX9Dg3SXzXuKnOtD7x6agE"} ----END HTTP----
[HTTP]	2022-08-18 16:42:02	[info]	[REQUEST]	[::1]	[POST]	/api/v1/user/auth/refresh-token	[] 	---- {"refresh_token":"eyJhbGciOiJIUzI1NiIsInR5cCI6IkpXVCJ9.eyJhdXRoX2dvb2dsZV9pZCI6IjEwNTgxMTA2NTgwMTg4MTA1OTc5MyIsImVtYWlsIjoiZGV2aHV5MTAxMUBnbWFpbC5jb20iLCJkZXZpY2UiOiJ3ZWIiLCJpYXQiOjE2NjA4MDg1NzcsImV4cCI6MTY2MTQxMzM3N30.Gy3vGb_KT64g7bUkot5olGX9Dg3SXzXuKnOtD7x6agE"} ----END HTTP----
[HTTP]	2022-08-18 16:42:17	[info]	[REQUEST]	[::1]	[POST]	/api/v1/user/auth/refresh-token	[] 	---- {"refresh_token":"eyJhbGciOiJIUzI1NiIsInR5cCI6IkpXVCJ9.eyJhdXRoX2dvb2dsZV9pZCI6IjEwNTgxMTA2NTgwMTg4MTA1OTc5MyIsImVtYWlsIjoiZGV2aHV5MTAxMUBnbWFpbC5jb20iLCJkZXZpY2UiOiJ3ZWIiLCJpYXQiOjE2NjA4MDg1NzcsImV4cCI6MTY2MTQxMzM3N30.Gy3vGb_KT64g7bUkot5olGX9Dg3SXzXuKnOtD7x6agE"} ----END HTTP----
[HTTP]	2022-08-18 16:42:43	[info]	[REQUEST]	[::1]	[POST]	/api/v1/user/auth/refresh-token	[] 	---- {"refresh_token":"eyJhbGciOiJIUzI1NiIsInR5cCI6IkpXVCJ9.eyJhdXRoX2dvb2dsZV9pZCI6IjEwNTgxMTA2NTgwMTg4MTA1OTc5MyIsImVtYWlsIjoiZGV2aHV5MTAxMUBnbWFpbC5jb20iLCJkZXZpY2UiOiJ3ZWIiLCJpYXQiOjE2NjA4MDg1NzcsImV4cCI6MTY2MTQxMzM3N30.Gy3vGb_KT64g7bUkot5olGX9Dg3SXzXuKnOtD7x6agE"} ----END HTTP----
[HTTP]	2022-08-18 16:42:59	[info]	[REQUEST]	[::1]	[POST]	/api/v1/user/auth/refresh-token	[] 	---- {"refresh_token":"eyJhbGciOiJIUzI1NiIsInR5cCI6IkpXVCJ9.eyJhdXRoX2dvb2dsZV9pZCI6IjEwNTgxMTA2NTgwMTg4MTA1OTc5MyIsImVtYWlsIjoiZGV2aHV5MTAxMUBnbWFpbC5jb20iLCJkZXZpY2UiOiJ3ZWIiLCJpYXQiOjE2NjA4MDg1NzcsImV4cCI6MTY2MTQxMzM3N30.Gy3vGb_KT64g7bUkot5olGX9Dg3SXzXuKnOtD7x6agE"} ----END HTTP----
[HTTP]	2022-08-18 16:44:03	[info]	[REQUEST]	[::1]	[POST]	/api/v1/user/auth/refresh-token	[] 	---- {"refresh_token":"eyJhbGciOiJIUzI1NiIsInR5cCI6IkpXVCJ9.eyJhdXRoX2dvb2dsZV9pZCI6IjEwNTgxMTA2NTgwMTg4MTA1OTc5MyIsImVtYWlsIjoiZGV2aHV5MTAxMUBnbWFpbC5jb20iLCJkZXZpY2UiOiJ3ZWIiLCJpYXQiOjE2NjA4MDg1NzcsImV4cCI6MTY2MTQxMzM3N30.Gy3vGb_KT64g7bUkot5olGX9Dg3SXzXuKnOtD7x6agE"} ----END HTTP----
[HTTP]	2022-08-18 16:44:14	[info]	[REQUEST]	[::1]	[POST]	/api/v1/user/auth/refresh-token	[] 	---- {"refresh_token":"eyJhbGciOiJIUzI1NiIsInR5cCI6IkpXVCJ9.eyJhdXRoX2dvb2dsZV9pZCI6IjEwNTgxMTA2NTgwMTg4MTA1OTc5MyIsImVtYWlsIjoiZGV2aHV5MTAxMUBnbWFpbC5jb20iLCJkZXZpY2UiOiJ3ZWIiLCJpYXQiOjE2NjA4MDg1NzcsImV4cCI6MTY2MTQxMzM3N30.Gy3vGb_KT64g7bUkot5olGX9Dg3SXzXuKnOtD7x6agE"} ----END HTTP----
[HTTP]	2022-08-18 16:47:35	[info]	[REQUEST]	[::1]	[POST]	/api/v1/user/auth/refresh-token	[] 	---- {"refresh_token":"eyJhbGciOiJIUzI1NiIsInR5cCI6IkpXVCJ9.eyJhdXRoX2dvb2dsZV9pZCI6IjEwNTgxMTA2NTgwMTg4MTA1OTc5MyIsImVtYWlsIjoiZGV2aHV5MTAxMUBnbWFpbC5jb20iLCJkZXZpY2UiOiJ3ZWIiLCJpYXQiOjE2NjA4MDg1NzcsImV4cCI6MTY2MTQxMzM3N30.Gy3vGb_KT64g7bUkot5olGX9Dg3SXzXuKnOtD7x6agE"} ----END HTTP----
[HTTP]	2022-08-18 16:48:08	[info]	[REQUEST]	[::1]	[POST]	/api/v1/user/auth/refresh-token	[] 	---- {"refresh_token":"eyJhbGciOiJIUzI1NiIsInR5cCI6IkpXVCJ9.eyJhdXRoX2dvb2dsZV9pZCI6IjEwNTgxMTA2NTgwMTg4MTA1OTc5MyIsImVtYWlsIjoiZGV2aHV5MTAxMUBnbWFpbC5jb20iLCJkZXZpY2UiOiJ3ZWIiLCJpYXQiOjE2NjA4MDg1NzcsImV4cCI6MTY2MTQxMzM3N30.Gy3vGb_KT64g7bUkot5olGX9Dg3SXzXuKnOtD7x6agE"} ----END HTTP----
[HTTP]	2022-08-18 16:51:14	[info]	[REQUEST]	[::1]	[POST]	/api/v1/user/auth/refresh-token	[] 	---- {"refresh_token":"eyJhbGciOiJIUzI1NiIsInR5cCI6IkpXVCJ9.eyJhdXRoX2dvb2dsZV9pZCI6IjEwNTgxMTA2NTgwMTg4MTA1OTc5MyIsImVtYWlsIjoiZGV2aHV5MTAxMUBnbWFpbC5jb20iLCJkZXZpY2UiOiJ3ZWIiLCJpYXQiOjE2NjA4MDg1NzcsImV4cCI6MTY2MTQxMzM3N30.Gy3vGb_KT64g7bUkot5olGX9Dg3SXzXuKnOtD7x6agE"} ----END HTTP----
[HTTP]	2022-08-18 16:51:30	[info]	[REQUEST]	[::1]	[POST]	/api/v1/user/auth/refresh-token	[] 	---- {"refresh_token":"eyJhbGciOiJIUzI1NiIsInR5cCI6IkpXVCJ9.eyJhdXRoX2dvb2dsZV9pZCI6IjEwNTgxMTA2NTgwMTg4MTA1OTc5MyIsImVtYWlsIjoiZGV2aHV5MTAxMUBnbWFpbC5jb20iLCJkZXZpY2UiOiJ3ZWIiLCJpYXQiOjE2NjA4MDg1NzcsImV4cCI6MTY2MTQxMzM3N30.Gy3vGb_KT64g7bUkot5olGX9Dg3SXzXuKnOtD7x6agE"} ----END HTTP----
[HTTP]	2022-08-18 16:53:35	[info]	[REQUEST]	[::1]	[POST]	/api/v1/user/auth/google	[] 	---- {"access_token":"ya29.A0AVA9y1skBtO226XpGi2oVzR2QZfoyt9_yfcD7FUQbhehrQvaQRvcLxm7fEGVTrhjSJRNGCYocCGCTPQXkImNmAM6OCSIM_5YFtOoiMH6AwKuNIWm7mnyFOxFXZUYquq1nDXN7-mPMjD-q77irlRENiZZFGRmFAaCgYKATASATASFQE65dr8RaAYtyQSM5Vhob-mY_Ku4w0165"} ----END HTTP----
[HTTP]	2022-08-18 16:54:38	[info]	[REQUEST]	[::1]	[POST]	/api/v1/user/auth/google	[] 	---- {"access_token":"ya29.A0AVA9y1vgNUwK2KyRg9c_LmsLKt5l0_mRz-g1XJ594BV9syfbXHz8sx4BtBTelBOolCLI7SBjjn7FnfKJtL2g7HUFzv5bSMqwPytNp9pDchwXwO0PzK_5VDS0C6zQWx7bNsGZlr2GGlg20aj9dPMFLbGdELM4aCgYKATASATASFQE65dr8yq_lxugxjNDr4-WHAO838A0163"} ----END HTTP----
[HTTP]	2022-08-18 16:56:24	[info]	[REQUEST]	[::1]	[POST]	/api/v1/user/auth/google	[] 	---- {"access_token":"ya29.A0AVA9y1vgNUwK2KyRg9c_LmsLKt5l0_mRz-g1XJ594BV9syfbXHz8sx4BtBTelBOolCLI7SBjjn7FnfKJtL2g7HUFzv5bSMqwPytNp9pDchwXwO0PzK_5VDS0C6zQWx7bNsGZlr2GGlg20aj9dPMFLbGdELM4aCgYKATASATASFQE65dr8yq_lxugxjNDr4-WHAO838A0163"} ----END HTTP----
[HTTP]	2022-08-18 16:56:56	[info]	[REQUEST]	[::1]	[POST]	/api/v1/user/auth/refresh-token	[] 	---- {"refresh_token":"eyJhbGciOiJIUzI1NiIsInR5cCI6IkpXVCJ9.eyJhdXRoX2dvb2dsZV9pZCI6IjEwNTgxMTA2NTgwMTg4MTA1OTc5MyIsImF1dGhfZmFjZWJvb2tfaWQiOiIxMDU4MTEwNjU4MDE4ODEwNTk3OTMiLCJlbWFpbCI6ImRldmh1eTEwMTFAZ21haWwuY29tIiwiaWF0IjoxNjYwODE2NTg0LCJleHAiOjE2NjYwMDA1ODR9.wcyVJvCLNzpS9J79we-JGil-AbiBIijVibWK7aP7TyU"} ----END HTTP----
[HTTP]	2022-08-18 16:57:12	[info]	[REQUEST]	[::1]	[POST]	/api/v1/user/auth/refresh-token	[] 	---- {"refresh_token":"eyJhbGciOiJIUzI1NiIsInR5cCI6IkpXVCJ9.eyJhdXRoX2dvb2dsZV9pZCI6IjEwNTgxMTA2NTgwMTg4MTA1OTc5MyIsImF1dGhfZmFjZWJvb2tfaWQiOiIxMDU4MTEwNjU4MDE4ODEwNTk3OTMiLCJlbWFpbCI6ImRldmh1eTEwMTFAZ21haWwuY29tIiwiaWF0IjoxNjYwODE2NTg0LCJleHAiOjE2NjYwMDA1ODR9.wcyVJvCLNzpS9J79we-JGil-AbiBIijVibWK7aP7TyU"} ----END HTTP----
[HTTP]	2022-08-18 16:57:14	[info]	[REQUEST]	[::1]	[POST]	/api/v1/user/auth/refresh-token	[] 	---- {"refresh_token":"eyJhbGciOiJIUzI1NiIsInR5cCI6IkpXVCJ9.eyJhdXRoX2dvb2dsZV9pZCI6IjEwNTgxMTA2NTgwMTg4MTA1OTc5MyIsImF1dGhfZmFjZWJvb2tfaWQiOiIxMDU4MTEwNjU4MDE4ODEwNTk3OTMiLCJlbWFpbCI6ImRldmh1eTEwMTFAZ21haWwuY29tIiwiaWF0IjoxNjYwODE2NTg0LCJleHAiOjE2NjYwMDA1ODR9.wcyVJvCLNzpS9J79we-JGil-AbiBIijVibWK7aP7TyU"} ----END HTTP----
[HTTP]	2022-08-18 16:57:16	[info]	[REQUEST]	[::1]	[POST]	/api/v1/user/auth/refresh-token	[] 	---- {"refresh_token":"eyJhbGciOiJIUzI1NiIsInR5cCI6IkpXVCJ9.eyJhdXRoX2dvb2dsZV9pZCI6IjEwNTgxMTA2NTgwMTg4MTA1OTc5MyIsImF1dGhfZmFjZWJvb2tfaWQiOiIxMDU4MTEwNjU4MDE4ODEwNTk3OTMiLCJlbWFpbCI6ImRldmh1eTEwMTFAZ21haWwuY29tIiwiaWF0IjoxNjYwODE2NTg0LCJleHAiOjE2NjYwMDA1ODR9.wcyVJvCLNzpS9J79we-JGil-AbiBIijVibWK7aP7TyU"} ----END HTTP----
[HTTP]	2022-08-18 16:57:19	[info]	[REQUEST]	[::1]	[POST]	/api/v1/user/auth/refresh-token	[] 	---- {"refresh_token":"eyJhbGciOiJIUzI1NiIsInR5cCI6IkpXVCJ9.eyJhdXRoX2dvb2dsZV9pZCI6IjEwNTgxMTA2NTgwMTg4MTA1OTc5MyIsImF1dGhfZmFjZWJvb2tfaWQiOiIxMDU4MTEwNjU4MDE4ODEwNTk3OTMiLCJlbWFpbCI6ImRldmh1eTEwMTFAZ21haWwuY29tIiwiaWF0IjoxNjYwODE2NTg0LCJleHAiOjE2NjYwMDA1ODR9.wcyVJvCLNzpS9J79we-JGil-AbiBIijVibWK7aP7TyU"} ----END HTTP----
[HTTP]	2022-08-18 17:00:50	[info]	[REQUEST]	[::1]	[POST]	/api/v1/user/login	[] 	---- {"email":"test1@gmail.com","password":"abc123"} ----END HTTP----
[HTTP]	2022-08-18 17:00:55	[info]	[REQUEST]	[::1]	[POST]	/api/v1/user/register	[] 	---- {"email":"test1@gmail.com","password":"abc123","displayName":"Pioo"} ----END HTTP----
[HTTP]	2022-08-18 17:00:58	[info]	[REQUEST]	[::1]	[POST]	/api/v1/user/login	[] 	---- {"email":"test1@gmail.com","password":"abc123"} ----END HTTP----
[HTTP]	2022-08-18 17:09:57	[info]	[REQUEST]	[::1]	[POST]	/api/v1/user/login	[] 	---- {"email":"test1@gmail.com","password":"abc123"} ----END HTTP----
[HTTP]	2022-08-18 17:15:08	[info]	[REQUEST]	[::1]	[POST]	/api/v1/user/auth/facebook	[] 	---- {"access_token":"EAAFgZB338Q3EBAP3gP9LtqtZAeAn7yf330pWZA4PbZB9IBVAcirPGIu55imEhdokKrhaZCZBIZAXn90JlbCrmxZCp1xjMX9JmQGeZBQsZBa9Hn5v5ZCdq6clVIMGIugSkeggWAVveBOVVr09KXOKpUgKcP1T5EsbXU6ww4Cn4niMstRhsEdTrBPAZCXPKRFguHJZCb7zAQI4POQOpMgZDZD"} ----END HTTP----
[HTTP]	2022-08-18 17:15:18	[info]	[REQUEST]	[::1]	[POST]	/api/v1/user/auth/facebook	[] 	---- {"access_token":"EAAFgZB338Q3EBAP3gP9LtqtZAeAn7yf330pWZA4PbZB9IBVAcirPGIu55imEhdokKrhaZCZBIZAXn90JlbCrmxZCp1xjMX9JmQGeZBQsZBa9Hn5v5ZCdq6clVIMGIugSkeggWAVveBOVVr09KXOKpUgKcP1T5EsbXU6ww4Cn4niMstRhsEdTrBPAZCXPKRFguHJZCb7zAQI4POQOpMgZDZD"} ----END HTTP----
[HTTP]	2022-08-18 17:15:22	[info]	[REQUEST]	[::1]	[POST]	/api/v1/user/auth/google	[] 	---- {"access_token":"ya29.A0AVA9y1vgNUwK2KyRg9c_LmsLKt5l0_mRz-g1XJ594BV9syfbXHz8sx4BtBTelBOolCLI7SBjjn7FnfKJtL2g7HUFzv5bSMqwPytNp9pDchwXwO0PzK_5VDS0C6zQWx7bNsGZlr2GGlg20aj9dPMFLbGdELM4aCgYKATASATASFQE65dr8yq_lxugxjNDr4-WHAO838A0163"} ----END HTTP----
[HTTP]	2022-08-18 17:15:47	[info]	[REQUEST]	[::1]	[POST]	/api/v1/user/register	[] 	---- {"email":"test1@gmail.com","password":"abc123","displayName":"Pioo"} ----END HTTP----
[HTTP]	2022-08-18 17:15:50	[info]	[REQUEST]	[::1]	[POST]	/api/v1/user/login	[] 	---- {"email":"test1@gmail.com","password":"abc123"} ----END HTTP----
[HTTP]	2022-08-18 17:22:06	[info]	[REQUEST]	[::1]	[POST]	/api/v1/user/login	[] 	---- {"email":"test1@gmail.com","password":"abc123"} ----END HTTP----
[HTTP]	2022-08-18 17:22:20	[info]	[REQUEST]	[::1]	[POST]	/api/v1/user/login	[] 	---- {"email":"test1@gmail.com","password":"abc123"} ----END HTTP----
[HTTP]	2022-08-18 17:22:40	[info]	[REQUEST]	[::1]	[POST]	/api/v1/user/login	[] 	---- {"email":"test1@gmail.com","password":"abc123"} ----END HTTP----
[HTTP]	2022-08-23 10:16:01	[info]	[REQUEST]	[::1]	[POST]	/api/v1/user/auth/refresh-token	[] 	---- {} ----END HTTP----
[HTTP]	2022-08-23 10:16:42	[info]	[REQUEST]	[::1]	[POST]	/api/v1/user/auth/refresh-token	[] 	---- {} ----END HTTP----
